app/build/outputs/logs/manifest-merger-debug-report.txt
-- Merging decision tree log ---
manifest
ADDED from src\main\AndroidManifest.xml:2:1-96:12
	package
		ADDED from src\main\AndroidManifest.xml:3:5-29
		INJECTED from src\main\AndroidManifest.xml
		INJECTED from src\main\AndroidManifest.xml
	android:versionName
		ADDED from src\main\AndroidManifest.xml:5:5-30
		INJECTED from src\main\AndroidManifest.xml
		INJECTED from src\main\AndroidManifest.xml
	android:versionCode
		ADDED from src\main\AndroidManifest.xml:4:5-28
		INJECTED from src\main\AndroidManifest.xml
		INJECTED from src\main\AndroidManifest.xml
	xmlns:android
		ADDED from src\main\AndroidManifest.xml:2:11-69
uses-permission#android.permission.DISABLE_KEYGUARD
ADDED from src\main\AndroidManifest.xml:7:5-75
	android:name
		ADDED from src\main\AndroidManifest.xml:7:22-72
uses-permission#android.permission.VIBRATE
ADDED from src\main\AndroidManifest.xml:8:5-66
	android:name
		ADDED from src\main\AndroidManifest.xml:8:22-63
uses-permission#android.permission.WAKE_LOCK
ADDED from src\main\AndroidManifest.xml:9:5-68
	android:name
		ADDED from src\main\AndroidManifest.xml:9:22-65
uses-permission#android.permission.RECEIVE_BOOT_COMPLETED
ADDED from src\main\AndroidManifest.xml:10:5-81
	android:name
		ADDED from src\main\AndroidManifest.xml:10:22-78
uses-sdk
ADDED from src\main\AndroidManifest.xml:12:5-14:41
	android:targetSdkVersion
		ADDED from src\main\AndroidManifest.xml:14:9-38
		INJECTED from src\main\AndroidManifest.xml
		INJECTED from src\main\AndroidManifest.xml
	android:minSdkVersion
		ADDED from src\main\AndroidManifest.xml:13:9-35
		INJECTED from src\main\AndroidManifest.xml
		INJECTED from src\main\AndroidManifest.xml
application
ADDED from src\main\AndroidManifest.xml:16:5-94:19
	android:label
		ADDED from src\main\AndroidManifest.xml:20:9-41
	android:allowBackup
		ADDED from src\main\AndroidManifest.xml:18:9-35
	android:icon
		ADDED from src\main\AndroidManifest.xml:19:9-45
	android:theme
		ADDED from src\main\AndroidManifest.xml:21:9-51
	android:name
		ADDED from src\main\AndroidManifest.xml:17:9-44
activity#com.dkl.jmtfps.SetupIntro
ADDED from src\main\AndroidManifest.xml:22:9-25:20
	android:label
		ADDED from src\main\AndroidManifest.xml:24:13-45
	android:name
		ADDED from src\main\AndroidManifest.xml:23:13-39
activity#com.dkl.jmtfps.ListFingerPrintActivity
ADDED from src\main\AndroidManifest.xml:26:9-34:20
	android:label
		ADDED from src\main\AndroidManifest.xml:28:13-45
	android:launchMode
		ADDED from src\main\AndroidManifest.xml:29:13-44
	android:name
		ADDED from src\main\AndroidManifest.xml:27:13-52
intent-filter#android.intent.action.MAIN+android.intent.category.LAUNCHER
ADDED from src\main\AndroidManifest.xml:30:13-33:29
action#android.intent.action.MAIN
ADDED from src\main\AndroidManifest.xml:31:17-69
	android:name
		ADDED from src\main\AndroidManifest.xml:31:25-66
category#android.intent.category.LAUNCHER
ADDED from src\main\AndroidManifest.xml:32:17-76
	android:name
		ADDED from src\main\AndroidManifest.xml:32:27-74
activity#com.dkl.jmtfps.AddFingerPrintActivity
ADDED from src\main\AndroidManifest.xml:35:9-43:20
	android:label
		ADDED from src\main\AndroidManifest.xml:37:13-45
	android:name
		ADDED from src\main\AndroidManifest.xml:36:13-51
intent-filter#android.intent.action.com.dkl.jmtfps.AddFingerPrintActivity+android.intent.category.DEFAULT
ADDED from src\main\AndroidManifest.xml:38:13-42:29
action#android.intent.action.com.dkl.jmtfps.AddFingerPrintActivity
ADDED from src\main\AndroidManifest.xml:39:17-102
	android:name
		ADDED from src\main\AndroidManifest.xml:39:25-99
category#android.intent.category.DEFAULT
ADDED from src\main\AndroidManifest.xml:41:17-76
	android:name
		ADDED from src\main\AndroidManifest.xml:41:27-73
activity#com.dkl.jmtfps.ManageFingerPrintActivity
ADDED from src\main\AndroidManifest.xml:44:9-52:20
	android:label
		ADDED from src\main\AndroidManifest.xml:46:13-45
	android:name
		ADDED from src\main\AndroidManifest.xml:45:13-54
intent-filter#android.intent.action.com.dkl.jmtfps.ManageFingerPrintActivity+android.intent.category.DEFAULT
ADDED from src\main\AndroidManifest.xml:47:13-51:29
action#android.intent.action.com.dkl.jmtfps.ManageFingerPrintActivity
ADDED from src\main\AndroidManifest.xml:48:17-105
	android:name
		ADDED from src\main\AndroidManifest.xml:48:25-102
activity#com.dkl.jmtfps.AboutFingerprintActivity
ADDED from src\main\AndroidManifest.xml:53:9-61:20
	android:label
		ADDED from src\main\AndroidManifest.xml:55:13-45
	android:name
		ADDED from src\main\AndroidManifest.xml:54:13-53
intent-filter#android.intent.action.com.dkl.jmtfps.AboutFingerprintActivity+android.intent.category.DEFAULT
ADDED from src\main\AndroidManifest.xml:56:13-60:29
action#android.intent.action.com.dkl.jmtfps.AboutFingerprintActivity
ADDED from src\main\AndroidManifest.xml:57:17-104
	android:name
		ADDED from src\main\AndroidManifest.xml:57:25-101
activity#com.dkl.jmtfps.TestActivity
ADDED from src\main\AndroidManifest.xml:62:9-63:20
	android:name
		ADDED from src\main\AndroidManifest.xml:62:19-61
service#com.dkl.jmtfps.FingerprintLockService
ADDED from src\main\AndroidManifest.xml:65:9-72:19
	android:exported
		ADDED from src\main\AndroidManifest.xml:67:13-36
	android:theme
		ADDED from src\main\AndroidManifest.xml:68:13-60
	android:name
		ADDED from src\main\AndroidManifest.xml:66:13-51
intent-filter#com.android.internal.policy.IFingerprintLockInterface
ADDED from src\main\AndroidManifest.xml:69:13-71:29
action#com.android.internal.policy.IFingerprintLockInterface
ADDED from src\main\AndroidManifest.xml:70:17-96
	android:name
		ADDED from src\main\AndroidManifest.xml:70:25-93
receiver#com.dkl.jmtfps.receiver.JMTWakeUpReceiver
ADDED from src\main\AndroidManifest.xml:74:9-80:20
	android:exported
		ADDED from src\main\AndroidManifest.xml:76:13-36
	android:name
		ADDED from src\main\AndroidManifest.xml:75:13-69
intent-filter#com.dkl.jmtfps.com.dkl.jmtfps.service.FingerprintLockService_JMTWakeUp
ADDED from src\main\AndroidManifest.xml:77:13-79:29
action#com.dkl.jmtfps.com.dkl.jmtfps.service.FingerprintLockService_JMTWakeUp
ADDED from src\main\AndroidManifest.xml:78:17-113
	android:name
		ADDED from src\main\AndroidManifest.xml:78:25-110
receiver#com.dkl.jmtfps.receiver.FingerprintScreenStateReceiver
ADDED from src\main\AndroidManifest.xml:81:9-88:20
	android:name
		ADDED from src\main\AndroidManifest.xml:81:19-88
intent-filter#android.intent.action.BOOT_COMPLETED+android.intent.action.USER_PRESENT+com.dkl.jmtfps.android.intent.action.SCREEN_OFF+com.dkl.jmtfps.android.intent.action.SCREEN_ON
ADDED from src\main\AndroidManifest.xml:82:13-87:29
action#com.dkl.jmtfps.android.intent.action.SCREEN_OFF
ADDED from src\main\AndroidManifest.xml:83:17-90
	android:name
		ADDED from src\main\AndroidManifest.xml:83:25-87
action#com.dkl.jmtfps.android.intent.action.SCREEN_ON
ADDED from src\main\AndroidManifest.xml:84:17-89
	android:name
		ADDED from src\main\AndroidManifest.xml:84:25-86
action#android.intent.action.USER_PRESENT
ADDED from src\main\AndroidManifest.xml:85:17-77
	android:name
		ADDED from src\main\AndroidManifest.xml:85:25-74
action#android.intent.action.BOOT_COMPLETED
ADDED from src\main\AndroidManifest.xml:86:17-78
	android:name
		ADDED from src\main\AndroidManifest.xml:86:25-76
provider#com.dkl.jmtfps.dao.FpProvider
ADDED from src\main\AndroidManifest.xml:90:9-93:39
	android:authorities
		ADDED from src\main\AndroidManifest.xml:92:13-53
	android:exported
		ADDED from src\main\AndroidManifest.xml:93:13-36
	android:name
		ADDED from src\main\AndroidManifest.xml:91:13-43